<?xml version="1.0" encoding="UTF-8"?>
<testng-results skipped="0" failed="0" total="5" passed="5">
  <reporter-output>
  </reporter-output>
  <suite name="Default suite" duration-ms="19091" started-at="2016-07-22T18:40:40Z" finished-at="2016-07-22T18:40:59Z">
    <groups>
    </groups>
    <test name="Default test" duration-ms="19091" started-at="2016-07-22T18:40:40Z" finished-at="2016-07-22T18:40:59Z">
      <class name="Tests.TestSignInAndNotebook">
        <test-method status="PASS" signature="beforeTest()[pri:0, instance:Tests.TestSignInAndNotebook@724af044]" name="beforeTest" is-config="true" duration-ms="3041" started-at="2016-07-22T13:40:40Z" finished-at="2016-07-22T13:40:43Z">
          <reporter-output>
          </reporter-output>
        </test-method> <!-- beforeTest -->
        <test-method status="PASS" signature="goToWolframCloudDotCom()[pri:1, instance:Tests.TestSignInAndNotebook@724af044]" name="goToWolframCloudDotCom" duration-ms="1293" started-at="2016-07-22T13:40:43Z" finished-at="2016-07-22T13:40:44Z">
          <reporter-output>
          </reporter-output>
        </test-method> <!-- goToWolframCloudDotCom -->
        <test-method status="PASS" signature="clickWdpBtn()[pri:2, instance:Tests.TestSignInAndNotebook@724af044]" name="clickWdpBtn" duration-ms="2133" started-at="2016-07-22T13:40:44Z" finished-at="2016-07-22T13:40:47Z">
          <reporter-output>
          </reporter-output>
        </test-method> <!-- clickWdpBtn -->
        <test-method status="PASS" signature="signIn()[pri:3, instance:Tests.TestSignInAndNotebook@724af044]" name="signIn" duration-ms="4761" started-at="2016-07-22T13:40:47Z" finished-at="2016-07-22T13:40:51Z">
          <reporter-output>
          </reporter-output>
        </test-method> <!-- signIn -->
        <test-method status="PASS" signature="makeNewNotebook()[pri:4, instance:Tests.TestSignInAndNotebook@724af044]" name="makeNewNotebook" duration-ms="1126" started-at="2016-07-22T13:40:51Z" finished-at="2016-07-22T13:40:52Z">
          <reporter-output>
          </reporter-output>
        </test-method> <!-- makeNewNotebook -->
        <test-method status="PASS" signature="checkFileFormat()[pri:5, instance:Tests.TestSignInAndNotebook@724af044]" name="checkFileFormat" duration-ms="6488" started-at="2016-07-22T13:40:52Z" finished-at="2016-07-22T13:40:59Z">
          <reporter-output>
          </reporter-output>
        </test-method> <!-- checkFileFormat -->
        <test-method status="PASS" signature="afterTest()[pri:0, instance:Tests.TestSignInAndNotebook@724af044]" name="afterTest" is-config="true" duration-ms="213" started-at="2016-07-22T13:40:59Z" finished-at="2016-07-22T13:40:59Z">
          <reporter-output>
          </reporter-output>
        </test-method> <!-- afterTest -->
      </class> <!-- Tests.TestSignInAndNotebook -->
    </test> <!-- Default test -->
  </suite> <!-- Default suite -->
</testng-results>
